
main.elf:     file format elf32-littlearm

SYMBOL TABLE:
08000000 l    d  .isr_vector	00000000 .isr_vector
080000c4 l    d  .text	00000000 .text
20000000 l    d  .data	00000000 .data
20000004 l    d  .bss	00000000 .bss
00000000 l    d  .comment	00000000 .comment
00000000 l    d  .ARM.attributes	00000000 .ARM.attributes
00000000 l    d  .debug_aranges	00000000 .debug_aranges
00000000 l    d  .debug_info	00000000 .debug_info
00000000 l    d  .debug_abbrev	00000000 .debug_abbrev
00000000 l    d  .debug_line	00000000 .debug_line
00000000 l    d  .debug_frame	00000000 .debug_frame
00000000 l    d  .debug_str	00000000 .debug_str
00000000 l    d  .debug_loc	00000000 .debug_loc
00000000 l    d  .debug_ranges	00000000 .debug_ranges
00000000 l    df *ABS*	00000000 /tmp/cclkW42X.o
f108f85f l       *ABS*	00000000 BootRAM
08000334 l       .text	00000000 LoopCopyDataInit
0800032c l       .text	00000000 CopyDataInit
08000348 l       .text	00000000 LoopFillZerobss
08000342 l       .text	00000000 FillZerobss
0800035a l       .text	00000000 LoopForever
08000374 l       .text	00000000 Infinite_Loop
00000000 l    df *ABS*	00000000 _udivsi3.o
080000c4 l       .text	00000000 .udivsi3_skip_div0_test
00000000 l    df *ABS*	00000000 _dvmd_tls.o
00000000 l    df *ABS*	00000000 main.c
20000004 l     O .bss	00000002 tick.5884
00000000 l    df *ABS*	00000000 system_stm32f0xx.c
00000000 l    df *ABS*	00000000 init.c
00000000 l    df *ABS*	00000000 /usr/lib/gcc/arm-none-eabi/4.9.3/armv6-m/crti.o
00000000 l    df *ABS*	00000000 /usr/lib/gcc/arm-none-eabi/4.9.3/armv6-m/crtn.o
00000000 l    df *ABS*	00000000 
00000000 l       *UND*	00000000 __fini_array_end
00000000 l       *UND*	00000000 malloc
00000000 l       *UND*	00000000 __bss_start__
00000000 l       *UND*	00000000 __deregister_frame_info
00000000 l       *UND*	00000000 _ITM_registerTMCloneTable
00000000 l       *UND*	00000000 __bss_end__
00000000 l       *UND*	00000000 software_init_hook
00000000 l       *UND*	00000000 _ITM_deregisterTMCloneTable
00000000 l       *UND*	00000000 __fini_array_start
00000000 l       *UND*	00000000 hardware_init_hook
00000000 l       *UND*	00000000 __libc_fini
00000000 l       *UND*	00000000 __stack
00000000 l       *UND*	00000000 _exit
00000000 l       *UND*	00000000 _Jv_RegisterClasses
00000000 l       *UND*	00000000 __register_frame_info
00000000 l       *UND*	00000000 free
08000374  w    F .text	00000002 TIM1_CC_IRQHandler
08000374  w    F .text	00000002 HardFault_Handler
08000374  w    F .text	00000002 ADC1_COMP_IRQHandler
080001e8 g     F .text	00000028 SysTick_Handler
08000374  w    F .text	00000002 PVD_IRQHandler
080003d8 g       .text	00000000 _sidata
08000374  w    F .text	00000002 PendSV_Handler
08000374  w    F .text	00000002 NMI_Handler
20000008 g       .bss	00000000 __exidx_end
08000374  w    F .text	00000002 I2C1_IRQHandler
080003d8 g       .text	00000000 _etext
20000004 g       .bss	00000000 _sbss
20000000 g     O .data	00000004 SystemCoreClock
080000c4 g     F .text	0000010a .hidden __udivsi3
20000000 g       .data	00000000 _sdata
08000374  w    F .text	00000002 SPI1_IRQHandler
08000374  w    F .text	00000002 TIM6_DAC_IRQHandler
20000008 g       .bss	00000000 __exidx_start
08000378 g     F .text	00000048 __libc_init_array
08000374  w    F .text	00000002 EXTI2_3_IRQHandler
080003c0 g     F .text	00000000 _init
08000374  w    F .text	00000002 I2C2_IRQHandler
08000374  w    F .text	00000002 TIM17_IRQHandler
08000374  w    F .text	00000002 RTC_IRQHandler
20000008 g       .bss	00000000 _ebss
08000324  w    F .text	00000038 Reset_Handler
08000374  w    F .text	00000002 TIM16_IRQHandler
08000374  w    F .text	00000002 TIM3_IRQHandler
08000374  w    F .text	00000002 EXTI4_15_IRQHandler
08000374  w    F .text	00000002 RCC_IRQHandler
20000004 g       .bss	00000000 _bss
08000374  w    F .text	00000002 DMA1_Channel1_IRQHandler
08000374 g       .text	00000002 Default_Handler
08000374  w    F .text	00000002 CEC_IRQHandler
08000374  w    F .text	00000002 TIM14_IRQHandler
08000374  w    F .text	00000002 DMA1_Channel4_5_IRQHandler
08000374  w    F .text	00000002 TIM15_IRQHandler
08000374  w    F .text	00000002 EXTI0_1_IRQHandler
080001e4  w    F .text	00000002 .hidden __aeabi_ldiv0
08000374  w    F .text	00000002 SPI2_IRQHandler
08000210 g     F .text	00000060 main
080000c4 g     F .text	00000000 .hidden __aeabi_uidiv
08000374  w    F .text	00000002 SVC_Handler
00000000  w      *UND*	00000000 __init_array_end
08000270 g     F .text	000000b4 SystemInit
080003cc g     F .text	00000000 _fini
08000374  w    F .text	00000002 TS_IRQHandler
00000000  w      *UND*	00000000 __preinit_array_end
08000374  w    F .text	00000002 WWDG_IRQHandler
20000000 g       .data	00000000 _data
08000374  w    F .text	00000002 TIM2_IRQHandler
08000374  w    F .text	00000002 DMA1_Channel2_3_IRQHandler
20002000 g       *ABS*	00000000 _estack
080001d0 g     F .text	00000012 .hidden __aeabi_uidivmod
20000004 g       .data	00000000 _edata
08000374  w    F .text	00000002 USART2_IRQHandler
08000000 g     O .isr_vector	00000000 g_pfnVectors
00000000  w      *UND*	00000000 __init_array_start
080001e4  w    F .text	00000002 .hidden __aeabi_idiv0
08000374  w    F .text	00000002 FLASH_IRQHandler
08000374  w    F .text	00000002 USART1_IRQHandler
08000374  w    F .text	00000002 TIM1_BRK_UP_TRG_COM_IRQHandler
00000000  w      *UND*	00000000 __preinit_array_start



Disassembly of section .text:

080000c4 <__aeabi_uidiv>:
 80000c4:	2200      	movs	r2, #0
 80000c6:	0843      	lsrs	r3, r0, #1
 80000c8:	428b      	cmp	r3, r1
 80000ca:	d374      	bcc.n	80001b6 <__aeabi_uidiv+0xf2>
 80000cc:	0903      	lsrs	r3, r0, #4
 80000ce:	428b      	cmp	r3, r1
 80000d0:	d35f      	bcc.n	8000192 <__aeabi_uidiv+0xce>
 80000d2:	0a03      	lsrs	r3, r0, #8
 80000d4:	428b      	cmp	r3, r1
 80000d6:	d344      	bcc.n	8000162 <__aeabi_uidiv+0x9e>
 80000d8:	0b03      	lsrs	r3, r0, #12
 80000da:	428b      	cmp	r3, r1
 80000dc:	d328      	bcc.n	8000130 <__aeabi_uidiv+0x6c>
 80000de:	0c03      	lsrs	r3, r0, #16
 80000e0:	428b      	cmp	r3, r1
 80000e2:	d30d      	bcc.n	8000100 <__aeabi_uidiv+0x3c>
 80000e4:	22ff      	movs	r2, #255	; 0xff
 80000e6:	0209      	lsls	r1, r1, #8
 80000e8:	ba12      	rev	r2, r2
 80000ea:	0c03      	lsrs	r3, r0, #16
 80000ec:	428b      	cmp	r3, r1
 80000ee:	d302      	bcc.n	80000f6 <__aeabi_uidiv+0x32>
 80000f0:	1212      	asrs	r2, r2, #8
 80000f2:	0209      	lsls	r1, r1, #8
 80000f4:	d065      	beq.n	80001c2 <__aeabi_uidiv+0xfe>
 80000f6:	0b03      	lsrs	r3, r0, #12
 80000f8:	428b      	cmp	r3, r1
 80000fa:	d319      	bcc.n	8000130 <__aeabi_uidiv+0x6c>
 80000fc:	e000      	b.n	8000100 <__aeabi_uidiv+0x3c>
 80000fe:	0a09      	lsrs	r1, r1, #8
 8000100:	0bc3      	lsrs	r3, r0, #15
 8000102:	428b      	cmp	r3, r1
 8000104:	d301      	bcc.n	800010a <__aeabi_uidiv+0x46>
 8000106:	03cb      	lsls	r3, r1, #15
 8000108:	1ac0      	subs	r0, r0, r3
 800010a:	4152      	adcs	r2, r2
 800010c:	0b83      	lsrs	r3, r0, #14
 800010e:	428b      	cmp	r3, r1
 8000110:	d301      	bcc.n	8000116 <__aeabi_uidiv+0x52>
 8000112:	038b      	lsls	r3, r1, #14
 8000114:	1ac0      	subs	r0, r0, r3
 8000116:	4152      	adcs	r2, r2
 8000118:	0b43      	lsrs	r3, r0, #13
 800011a:	428b      	cmp	r3, r1
 800011c:	d301      	bcc.n	8000122 <__aeabi_uidiv+0x5e>
 800011e:	034b      	lsls	r3, r1, #13
 8000120:	1ac0      	subs	r0, r0, r3
 8000122:	4152      	adcs	r2, r2
 8000124:	0b03      	lsrs	r3, r0, #12
 8000126:	428b      	cmp	r3, r1
 8000128:	d301      	bcc.n	800012e <__aeabi_uidiv+0x6a>
 800012a:	030b      	lsls	r3, r1, #12
 800012c:	1ac0      	subs	r0, r0, r3
 800012e:	4152      	adcs	r2, r2
 8000130:	0ac3      	lsrs	r3, r0, #11
 8000132:	428b      	cmp	r3, r1
 8000134:	d301      	bcc.n	800013a <__aeabi_uidiv+0x76>
 8000136:	02cb      	lsls	r3, r1, #11
 8000138:	1ac0      	subs	r0, r0, r3
 800013a:	4152      	adcs	r2, r2
 800013c:	0a83      	lsrs	r3, r0, #10
 800013e:	428b      	cmp	r3, r1
 8000140:	d301      	bcc.n	8000146 <__aeabi_uidiv+0x82>
 8000142:	028b      	lsls	r3, r1, #10
 8000144:	1ac0      	subs	r0, r0, r3
 8000146:	4152      	adcs	r2, r2
 8000148:	0a43      	lsrs	r3, r0, #9
 800014a:	428b      	cmp	r3, r1
 800014c:	d301      	bcc.n	8000152 <__aeabi_uidiv+0x8e>
 800014e:	024b      	lsls	r3, r1, #9
 8000150:	1ac0      	subs	r0, r0, r3
 8000152:	4152      	adcs	r2, r2
 8000154:	0a03      	lsrs	r3, r0, #8
 8000156:	428b      	cmp	r3, r1
 8000158:	d301      	bcc.n	800015e <__aeabi_uidiv+0x9a>
 800015a:	020b      	lsls	r3, r1, #8
 800015c:	1ac0      	subs	r0, r0, r3
 800015e:	4152      	adcs	r2, r2
 8000160:	d2cd      	bcs.n	80000fe <__aeabi_uidiv+0x3a>
 8000162:	09c3      	lsrs	r3, r0, #7
 8000164:	428b      	cmp	r3, r1
 8000166:	d301      	bcc.n	800016c <__aeabi_uidiv+0xa8>
 8000168:	01cb      	lsls	r3, r1, #7
 800016a:	1ac0      	subs	r0, r0, r3
 800016c:	4152      	adcs	r2, r2
 800016e:	0983      	lsrs	r3, r0, #6
 8000170:	428b      	cmp	r3, r1
 8000172:	d301      	bcc.n	8000178 <__aeabi_uidiv+0xb4>
 8000174:	018b      	lsls	r3, r1, #6
 8000176:	1ac0      	subs	r0, r0, r3
 8000178:	4152      	adcs	r2, r2
 800017a:	0943      	lsrs	r3, r0, #5
 800017c:	428b      	cmp	r3, r1
 800017e:	d301      	bcc.n	8000184 <__aeabi_uidiv+0xc0>
 8000180:	014b      	lsls	r3, r1, #5
 8000182:	1ac0      	subs	r0, r0, r3
 8000184:	4152      	adcs	r2, r2
 8000186:	0903      	lsrs	r3, r0, #4
 8000188:	428b      	cmp	r3, r1
 800018a:	d301      	bcc.n	8000190 <__aeabi_uidiv+0xcc>
 800018c:	010b      	lsls	r3, r1, #4
 800018e:	1ac0      	subs	r0, r0, r3
 8000190:	4152      	adcs	r2, r2
 8000192:	08c3      	lsrs	r3, r0, #3
 8000194:	428b      	cmp	r3, r1
 8000196:	d301      	bcc.n	800019c <__aeabi_uidiv+0xd8>
 8000198:	00cb      	lsls	r3, r1, #3
 800019a:	1ac0      	subs	r0, r0, r3
 800019c:	4152      	adcs	r2, r2
 800019e:	0883      	lsrs	r3, r0, #2
 80001a0:	428b      	cmp	r3, r1
 80001a2:	d301      	bcc.n	80001a8 <__aeabi_uidiv+0xe4>
 80001a4:	008b      	lsls	r3, r1, #2
 80001a6:	1ac0      	subs	r0, r0, r3
 80001a8:	4152      	adcs	r2, r2
 80001aa:	0843      	lsrs	r3, r0, #1
 80001ac:	428b      	cmp	r3, r1
 80001ae:	d301      	bcc.n	80001b4 <__aeabi_uidiv+0xf0>
 80001b0:	004b      	lsls	r3, r1, #1
 80001b2:	1ac0      	subs	r0, r0, r3
 80001b4:	4152      	adcs	r2, r2
 80001b6:	1a41      	subs	r1, r0, r1
 80001b8:	d200      	bcs.n	80001bc <__aeabi_uidiv+0xf8>
 80001ba:	4601      	mov	r1, r0
 80001bc:	4152      	adcs	r2, r2
 80001be:	4610      	mov	r0, r2
 80001c0:	4770      	bx	lr
 80001c2:	e7ff      	b.n	80001c4 <__aeabi_uidiv+0x100>
 80001c4:	b501      	push	{r0, lr}
 80001c6:	2000      	movs	r0, #0
 80001c8:	f000 f80c 	bl	80001e4 <__aeabi_idiv0>
 80001cc:	bd02      	pop	{r1, pc}
 80001ce:	46c0      	nop			; (mov r8, r8)

080001d0 <__aeabi_uidivmod>:
 80001d0:	2900      	cmp	r1, #0
 80001d2:	d0f7      	beq.n	80001c4 <__aeabi_uidiv+0x100>
 80001d4:	b503      	push	{r0, r1, lr}
 80001d6:	f7ff ff75 	bl	80000c4 <__aeabi_uidiv>
 80001da:	bc0e      	pop	{r1, r2, r3}
 80001dc:	4342      	muls	r2, r0
 80001de:	1a89      	subs	r1, r1, r2
 80001e0:	4718      	bx	r3
 80001e2:	46c0      	nop			; (mov r8, r8)

080001e4 <__aeabi_idiv0>:
 80001e4:	4770      	bx	lr
 80001e6:	46c0      	nop			; (mov r8, r8)

080001e8 <SysTick_Handler>:
#include "stm32f0xx_conf.h"

void SysTick_Handler(void) {
  static uint16_t tick = 0;

  switch (tick++) {
 80001e8:	4a07      	ldr	r2, [pc, #28]	; (8000208 <SysTick_Handler+0x20>)
 80001ea:	8813      	ldrh	r3, [r2, #0]
 80001ec:	2b64      	cmp	r3, #100	; 0x64
 80001ee:	d002      	beq.n	80001f6 <SysTick_Handler+0xe>
 80001f0:	3301      	adds	r3, #1
 80001f2:	8013      	strh	r3, [r2, #0]
 80001f4:	e007      	b.n	8000206 <SysTick_Handler+0x1e>
  	case 100:
  		tick = 0;
 80001f6:	2300      	movs	r3, #0
  		GPIOC->ODR ^= (1 << 8);
 80001f8:	2180      	movs	r1, #128	; 0x80
void SysTick_Handler(void) {
  static uint16_t tick = 0;

  switch (tick++) {
  	case 100:
  		tick = 0;
 80001fa:	8013      	strh	r3, [r2, #0]
  		GPIOC->ODR ^= (1 << 8);
 80001fc:	4a03      	ldr	r2, [pc, #12]	; (800020c <SysTick_Handler+0x24>)
 80001fe:	0049      	lsls	r1, r1, #1
 8000200:	8a93      	ldrh	r3, [r2, #20]
 8000202:	404b      	eors	r3, r1
 8000204:	8293      	strh	r3, [r2, #20]
  		break;
  }
}
 8000206:	4770      	bx	lr
 8000208:	20000004 	.word	0x20000004
 800020c:	48000800 	.word	0x48000800

08000210 <main>:

int main(void)
{

	RCC->AHBENR |= RCC_AHBENR_GPIOCEN; 	// enable the clock to GPIOC
 8000210:	2180      	movs	r1, #128	; 0x80
 8000212:	4a11      	ldr	r2, [pc, #68]	; (8000258 <main+0x48>)
  		break;
  }
}

int main(void)
{
 8000214:	b508      	push	{r3, lr}

	RCC->AHBENR |= RCC_AHBENR_GPIOCEN; 	// enable the clock to GPIOC
 8000216:	6953      	ldr	r3, [r2, #20]
 8000218:	0309      	lsls	r1, r1, #12
 800021a:	430b      	orrs	r3, r1
 800021c:	6153      	str	r3, [r2, #20]
						//(RM0091 lists this as IOPCEN, not GPIOCEN)

	GPIOC->MODER = (1 << 16);
 800021e:	2280      	movs	r2, #128	; 0x80
 8000220:	4b0e      	ldr	r3, [pc, #56]	; (800025c <main+0x4c>)
 8000222:	0252      	lsls	r2, r2, #9
 8000224:	601a      	str	r2, [r3, #0]

	SysTick_Config(SystemCoreClock/100);
 8000226:	4b0e      	ldr	r3, [pc, #56]	; (8000260 <main+0x50>)
 8000228:	2164      	movs	r1, #100	; 0x64
 800022a:	6818      	ldr	r0, [r3, #0]
 800022c:	f7ff ff4a 	bl	80000c4 <__aeabi_uidiv>
    \return          0  Function succeeded
    \return          1  Function failed
 */
static __INLINE uint32_t SysTick_Config(uint32_t ticks)
{
  if (ticks > SysTick_LOAD_RELOAD_Msk)  return (1);            /* Reload value impossible */
 8000230:	4b0c      	ldr	r3, [pc, #48]	; (8000264 <main+0x54>)
 8000232:	4298      	cmp	r0, r3
 8000234:	d80e      	bhi.n	8000254 <main+0x44>

  SysTick->LOAD  = (ticks & SysTick_LOAD_RELOAD_Msk) - 1;      /* set reload register */
 8000236:	4a0c      	ldr	r2, [pc, #48]	; (8000268 <main+0x58>)
 8000238:	3801      	subs	r0, #1
 800023a:	6050      	str	r0, [r2, #4]
    \param [in]  priority  Priority to set
 */
static __INLINE void NVIC_SetPriority(IRQn_Type IRQn, uint32_t priority)
{
  if(IRQn < 0) {
    SCB->SHP[_SHP_IDX(IRQn)] = (SCB->SHP[_SHP_IDX(IRQn)] & ~(0xFF << _BIT_SHIFT(IRQn))) |
 800023c:	20c0      	movs	r0, #192	; 0xc0
 800023e:	490b      	ldr	r1, [pc, #44]	; (800026c <main+0x5c>)
 8000240:	0600      	lsls	r0, r0, #24
 8000242:	6a0b      	ldr	r3, [r1, #32]
 8000244:	021b      	lsls	r3, r3, #8
 8000246:	0a1b      	lsrs	r3, r3, #8
 8000248:	4303      	orrs	r3, r0
 800024a:	620b      	str	r3, [r1, #32]
{
  if (ticks > SysTick_LOAD_RELOAD_Msk)  return (1);            /* Reload value impossible */

  SysTick->LOAD  = (ticks & SysTick_LOAD_RELOAD_Msk) - 1;      /* set reload register */
  NVIC_SetPriority (SysTick_IRQn, (1<<__NVIC_PRIO_BITS) - 1);  /* set Priority for Cortex-M0 System Interrupts */
  SysTick->VAL   = 0;                                          /* Load the SysTick Counter Value */
 800024c:	2300      	movs	r3, #0
 800024e:	6093      	str	r3, [r2, #8]
  SysTick->CTRL  = SysTick_CTRL_CLKSOURCE_Msk |
 8000250:	3307      	adds	r3, #7
 8000252:	6013      	str	r3, [r2, #0]

	while(1);
 8000254:	e7fe      	b.n	8000254 <main+0x44>
 8000256:	46c0      	nop			; (mov r8, r8)
 8000258:	40021000 	.word	0x40021000
 800025c:	48000800 	.word	0x48000800
 8000260:	20000000 	.word	0x20000000
 8000264:	00ffffff 	.word	0x00ffffff
 8000268:	e000e010 	.word	0xe000e010
 800026c:	e000ed00 	.word	0xe000ed00

08000270 <SystemInit>:
  *         SystemCoreClock variable.
  * @param  None
  * @retval None
  */
void SystemInit (void)
{    
 8000270:	b513      	push	{r0, r1, r4, lr}
  /* Set HSION bit */
  RCC->CR |= (uint32_t)0x00000001;
 8000272:	2001      	movs	r0, #1

  /* Reset PLLSRC, PLLXTPRE and PLLMUL[3:0] bits */
  RCC->CFGR &= (uint32_t)0xFFC0FFFF;

  /* Reset PREDIV1[3:0] bits */
  RCC->CFGR2 &= (uint32_t)0xFFFFFFF0;
 8000274:	240f      	movs	r4, #15
  * @retval None
  */
void SystemInit (void)
{    
  /* Set HSION bit */
  RCC->CR |= (uint32_t)0x00000001;
 8000276:	4b24      	ldr	r3, [pc, #144]	; (8000308 <SystemInit+0x98>)
 8000278:	681a      	ldr	r2, [r3, #0]
 800027a:	4302      	orrs	r2, r0
 800027c:	601a      	str	r2, [r3, #0]

  /* Reset SW[1:0], HPRE[3:0], PPRE[2:0], ADCPRE and MCOSEL[2:0] bits */
  RCC->CFGR &= (uint32_t)0xF8FFB80C;
 800027e:	6859      	ldr	r1, [r3, #4]
 8000280:	4a22      	ldr	r2, [pc, #136]	; (800030c <SystemInit+0x9c>)
 8000282:	400a      	ands	r2, r1
 8000284:	605a      	str	r2, [r3, #4]
  
  /* Reset HSEON, CSSON and PLLON bits */
  RCC->CR &= (uint32_t)0xFEF6FFFF;
 8000286:	6819      	ldr	r1, [r3, #0]
 8000288:	4a21      	ldr	r2, [pc, #132]	; (8000310 <SystemInit+0xa0>)
 800028a:	400a      	ands	r2, r1
 800028c:	601a      	str	r2, [r3, #0]

  /* Reset HSEBYP bit */
  RCC->CR &= (uint32_t)0xFFFBFFFF;
 800028e:	6819      	ldr	r1, [r3, #0]
 8000290:	4a20      	ldr	r2, [pc, #128]	; (8000314 <SystemInit+0xa4>)
 8000292:	400a      	ands	r2, r1
 8000294:	601a      	str	r2, [r3, #0]

  /* Reset PLLSRC, PLLXTPRE and PLLMUL[3:0] bits */
  RCC->CFGR &= (uint32_t)0xFFC0FFFF;
 8000296:	6859      	ldr	r1, [r3, #4]
 8000298:	4a1f      	ldr	r2, [pc, #124]	; (8000318 <SystemInit+0xa8>)
 800029a:	4011      	ands	r1, r2
 800029c:	6059      	str	r1, [r3, #4]

  /* Reset PREDIV1[3:0] bits */
  RCC->CFGR2 &= (uint32_t)0xFFFFFFF0;
 800029e:	6ad9      	ldr	r1, [r3, #44]	; 0x2c
 80002a0:	43a1      	bics	r1, r4
 80002a2:	62d9      	str	r1, [r3, #44]	; 0x2c

  /* Reset USARTSW[1:0], I2CSW, CECSW and ADCSW bits */
  RCC->CFGR3 &= (uint32_t)0xFFFFFEAC;
 80002a4:	6b1c      	ldr	r4, [r3, #48]	; 0x30
 80002a6:	491d      	ldr	r1, [pc, #116]	; (800031c <SystemInit+0xac>)
 80002a8:	4021      	ands	r1, r4
 80002aa:	6319      	str	r1, [r3, #48]	; 0x30

  /* Reset HSI14 bit */
  RCC->CR2 &= (uint32_t)0xFFFFFFFE;
 80002ac:	6b59      	ldr	r1, [r3, #52]	; 0x34
 80002ae:	4381      	bics	r1, r0
 80002b0:	6359      	str	r1, [r3, #52]	; 0x34

  /* Disable all interrupts */
  RCC->CIR = 0x00000000;
 80002b2:	2100      	movs	r1, #0
 80002b4:	6099      	str	r1, [r3, #8]
  * @param  None
  * @retval None
  */
static void SetSysClock(void)
{
  __IO uint32_t StartUpCounter = 0, HSEStatus = 0;
 80002b6:	9100      	str	r1, [sp, #0]
 80002b8:	9101      	str	r1, [sp, #4]
  /* SYSCLK, HCLK, PCLK configuration ----------------------------------------*/
#if defined (PLL_SOURCE_HSI)
  /* At this stage the HSI is already enabled */

  /* Enable Prefetch Buffer and set Flash Latency */
  FLASH->ACR = FLASH_ACR_PRFTBE | FLASH_ACR_LATENCY;
 80002ba:	4919      	ldr	r1, [pc, #100]	; (8000320 <SystemInit+0xb0>)
 80002bc:	3010      	adds	r0, #16
 80002be:	6008      	str	r0, [r1, #0]
 
  /* HCLK = SYSCLK */
  RCC->CFGR |= (uint32_t)RCC_CFGR_HPRE_DIV1;
 80002c0:	6859      	ldr	r1, [r3, #4]
 80002c2:	6059      	str	r1, [r3, #4]
      
  /* PCLK = HCLK */
  RCC->CFGR |= (uint32_t)RCC_CFGR_PPRE_DIV1;
 80002c4:	6859      	ldr	r1, [r3, #4]
 80002c6:	6059      	str	r1, [r3, #4]

  /* PLL configuration = (HSI/2) * 12 = ~48 MHz */
  RCC->CFGR &= (uint32_t)((uint32_t)~(RCC_CFGR_PLLSRC | RCC_CFGR_PLLXTPRE | RCC_CFGR_PLLMULL));
 80002c8:	6859      	ldr	r1, [r3, #4]
 80002ca:	400a      	ands	r2, r1
  RCC->CFGR |= (uint32_t)(RCC_CFGR_PLLSRC_HSI_Div2 | RCC_CFGR_PLLXTPRE_PREDIV1 | RCC_CFGR_PLLMULL12);
 80002cc:	21a0      	movs	r1, #160	; 0xa0
      
  /* PCLK = HCLK */
  RCC->CFGR |= (uint32_t)RCC_CFGR_PPRE_DIV1;

  /* PLL configuration = (HSI/2) * 12 = ~48 MHz */
  RCC->CFGR &= (uint32_t)((uint32_t)~(RCC_CFGR_PLLSRC | RCC_CFGR_PLLXTPRE | RCC_CFGR_PLLMULL));
 80002ce:	605a      	str	r2, [r3, #4]
  RCC->CFGR |= (uint32_t)(RCC_CFGR_PLLSRC_HSI_Div2 | RCC_CFGR_PLLXTPRE_PREDIV1 | RCC_CFGR_PLLMULL12);
 80002d0:	685a      	ldr	r2, [r3, #4]
 80002d2:	0389      	lsls	r1, r1, #14
 80002d4:	430a      	orrs	r2, r1
            
  /* Enable PLL */
  RCC->CR |= RCC_CR_PLLON;
 80002d6:	2180      	movs	r1, #128	; 0x80
  /* PCLK = HCLK */
  RCC->CFGR |= (uint32_t)RCC_CFGR_PPRE_DIV1;

  /* PLL configuration = (HSI/2) * 12 = ~48 MHz */
  RCC->CFGR &= (uint32_t)((uint32_t)~(RCC_CFGR_PLLSRC | RCC_CFGR_PLLXTPRE | RCC_CFGR_PLLMULL));
  RCC->CFGR |= (uint32_t)(RCC_CFGR_PLLSRC_HSI_Div2 | RCC_CFGR_PLLXTPRE_PREDIV1 | RCC_CFGR_PLLMULL12);
 80002d8:	605a      	str	r2, [r3, #4]
            
  /* Enable PLL */
  RCC->CR |= RCC_CR_PLLON;
 80002da:	681a      	ldr	r2, [r3, #0]
 80002dc:	0449      	lsls	r1, r1, #17
 80002de:	430a      	orrs	r2, r1
 80002e0:	601a      	str	r2, [r3, #0]

  /* Wait till PLL is ready */
  while((RCC->CR & RCC_CR_PLLRDY) == 0)
 80002e2:	6819      	ldr	r1, [r3, #0]
 80002e4:	4a08      	ldr	r2, [pc, #32]	; (8000308 <SystemInit+0x98>)
 80002e6:	0189      	lsls	r1, r1, #6
 80002e8:	d5fb      	bpl.n	80002e2 <SystemInit+0x72>
  {
  }

  /* Select PLL as system clock source */
  RCC->CFGR &= (uint32_t)((uint32_t)~(RCC_CFGR_SW));
 80002ea:	2003      	movs	r0, #3
 80002ec:	6851      	ldr	r1, [r2, #4]
 80002ee:	4381      	bics	r1, r0
 80002f0:	6051      	str	r1, [r2, #4]
  RCC->CFGR |= (uint32_t)RCC_CFGR_SW_PLL;    
 80002f2:	6851      	ldr	r1, [r2, #4]
 80002f4:	3801      	subs	r0, #1
 80002f6:	4301      	orrs	r1, r0
 80002f8:	6051      	str	r1, [r2, #4]

  /* Wait till PLL is used as system clock source */
  while ((RCC->CFGR & (uint32_t)RCC_CFGR_SWS) != (uint32_t)RCC_CFGR_SWS_PLL)
 80002fa:	220c      	movs	r2, #12
 80002fc:	6859      	ldr	r1, [r3, #4]
 80002fe:	400a      	ands	r2, r1
 8000300:	2a08      	cmp	r2, #8
 8000302:	d1fa      	bne.n	80002fa <SystemInit+0x8a>
  /* Disable all interrupts */
  RCC->CIR = 0x00000000;

  /* Configure the System clock frequency, AHB/APBx prescalers and Flash settings */
  SetSysClock();
}
 8000304:	bd13      	pop	{r0, r1, r4, pc}
 8000306:	46c0      	nop			; (mov r8, r8)
 8000308:	40021000 	.word	0x40021000
 800030c:	f8ffb80c 	.word	0xf8ffb80c
 8000310:	fef6ffff 	.word	0xfef6ffff
 8000314:	fffbffff 	.word	0xfffbffff
 8000318:	ffc0ffff 	.word	0xffc0ffff
 800031c:	fffffeac 	.word	0xfffffeac
 8000320:	40022000 	.word	0x40022000

08000324 <Reset_Handler>:

  .section .text.Reset_Handler
  .weak Reset_Handler
  .type Reset_Handler, %function
Reset_Handler:
  ldr   r0, =_estack
 8000324:	480d      	ldr	r0, [pc, #52]	; (800035c <LoopForever+0x2>)
  mov   sp, r0          /* set stack pointer */
 8000326:	4685      	mov	sp, r0

/* Copy the data segment initializers from flash to SRAM */
  movs r1, #0
 8000328:	2100      	movs	r1, #0
  b LoopCopyDataInit
 800032a:	e003      	b.n	8000334 <LoopCopyDataInit>

0800032c <CopyDataInit>:

CopyDataInit:
  ldr r3, =_sidata
 800032c:	4b0c      	ldr	r3, [pc, #48]	; (8000360 <LoopForever+0x6>)
  ldr r3, [r3, r1]
 800032e:	585b      	ldr	r3, [r3, r1]
  str r3, [r0, r1]
 8000330:	5043      	str	r3, [r0, r1]
  adds r1, r1, #4
 8000332:	3104      	adds	r1, #4

08000334 <LoopCopyDataInit>:

LoopCopyDataInit:
  ldr r0, =_sdata
 8000334:	480b      	ldr	r0, [pc, #44]	; (8000364 <LoopForever+0xa>)
  ldr r3, =_edata
 8000336:	4b0c      	ldr	r3, [pc, #48]	; (8000368 <LoopForever+0xe>)
  adds r2, r0, r1
 8000338:	1842      	adds	r2, r0, r1
  cmp r2, r3
 800033a:	429a      	cmp	r2, r3
  bcc CopyDataInit
 800033c:	d3f6      	bcc.n	800032c <CopyDataInit>
  ldr r2, =_sbss
 800033e:	4a0b      	ldr	r2, [pc, #44]	; (800036c <LoopForever+0x12>)
  b LoopFillZerobss
 8000340:	e002      	b.n	8000348 <LoopFillZerobss>

08000342 <FillZerobss>:
/* Zero fill the bss segment. */
FillZerobss:
  movs r3, #0
 8000342:	2300      	movs	r3, #0
  str  r3, [r2]
 8000344:	6013      	str	r3, [r2, #0]
  adds r2, r2, #4
 8000346:	3204      	adds	r2, #4

08000348 <LoopFillZerobss>:


LoopFillZerobss:
  ldr r3, = _ebss
 8000348:	4b09      	ldr	r3, [pc, #36]	; (8000370 <LoopForever+0x16>)
  cmp r2, r3
 800034a:	429a      	cmp	r2, r3
  bcc FillZerobss
 800034c:	d3f9      	bcc.n	8000342 <FillZerobss>

/* Call the clock system intitialization function.*/
    bl  SystemInit
 800034e:	f7ff ff8f 	bl	8000270 <SystemInit>
/* Call static constructors */
    bl __libc_init_array
 8000352:	f000 f811 	bl	8000378 <__libc_init_array>
/* Call the application's entry point.*/
  bl main
 8000356:	f7ff ff5b 	bl	8000210 <main>

0800035a <LoopForever>:
  
LoopForever:
    b LoopForever
 800035a:	e7fe      	b.n	800035a <LoopForever>

  .section .text.Reset_Handler
  .weak Reset_Handler
  .type Reset_Handler, %function
Reset_Handler:
  ldr   r0, =_estack
 800035c:	20002000 	.word	0x20002000
/* Copy the data segment initializers from flash to SRAM */
  movs r1, #0
  b LoopCopyDataInit

CopyDataInit:
  ldr r3, =_sidata
 8000360:	080003d8 	.word	0x080003d8
  ldr r3, [r3, r1]
  str r3, [r0, r1]
  adds r1, r1, #4

LoopCopyDataInit:
  ldr r0, =_sdata
 8000364:	20000000 	.word	0x20000000
  ldr r3, =_edata
 8000368:	20000004 	.word	0x20000004
  adds r2, r0, r1
  cmp r2, r3
  bcc CopyDataInit
  ldr r2, =_sbss
 800036c:	20000004 	.word	0x20000004
  str  r3, [r2]
  adds r2, r2, #4


LoopFillZerobss:
  ldr r3, = _ebss
 8000370:	20000008 	.word	0x20000008

08000374 <ADC1_COMP_IRQHandler>:
 * @retval : None
*/
    .section .text.Default_Handler,"ax",%progbits
Default_Handler:
Infinite_Loop:
  b Infinite_Loop
 8000374:	e7fe      	b.n	8000374 <ADC1_COMP_IRQHandler>
	...

08000378 <__libc_init_array>:
 8000378:	b570      	push	{r4, r5, r6, lr}
 800037a:	4e0d      	ldr	r6, [pc, #52]	; (80003b0 <__libc_init_array+0x38>)
 800037c:	4d0d      	ldr	r5, [pc, #52]	; (80003b4 <__libc_init_array+0x3c>)
 800037e:	2400      	movs	r4, #0
 8000380:	1bad      	subs	r5, r5, r6
 8000382:	10ad      	asrs	r5, r5, #2
 8000384:	d005      	beq.n	8000392 <__libc_init_array+0x1a>
 8000386:	00a3      	lsls	r3, r4, #2
 8000388:	58f3      	ldr	r3, [r6, r3]
 800038a:	3401      	adds	r4, #1
 800038c:	4798      	blx	r3
 800038e:	42a5      	cmp	r5, r4
 8000390:	d1f9      	bne.n	8000386 <__libc_init_array+0xe>
 8000392:	f000 f815 	bl	80003c0 <_init>
 8000396:	4e08      	ldr	r6, [pc, #32]	; (80003b8 <__libc_init_array+0x40>)
 8000398:	4d08      	ldr	r5, [pc, #32]	; (80003bc <__libc_init_array+0x44>)
 800039a:	2400      	movs	r4, #0
 800039c:	1bad      	subs	r5, r5, r6
 800039e:	10ad      	asrs	r5, r5, #2
 80003a0:	d005      	beq.n	80003ae <__libc_init_array+0x36>
 80003a2:	00a3      	lsls	r3, r4, #2
 80003a4:	58f3      	ldr	r3, [r6, r3]
 80003a6:	3401      	adds	r4, #1
 80003a8:	4798      	blx	r3
 80003aa:	42a5      	cmp	r5, r4
 80003ac:	d1f9      	bne.n	80003a2 <__libc_init_array+0x2a>
 80003ae:	bd70      	pop	{r4, r5, r6, pc}
	...

080003c0 <_init>:
 80003c0:	b5f8      	push	{r3, r4, r5, r6, r7, lr}
 80003c2:	46c0      	nop			; (mov r8, r8)
 80003c4:	bcf8      	pop	{r3, r4, r5, r6, r7}
 80003c6:	bc08      	pop	{r3}
 80003c8:	469e      	mov	lr, r3
 80003ca:	4770      	bx	lr

080003cc <_fini>:
 80003cc:	b5f8      	push	{r3, r4, r5, r6, r7, lr}
 80003ce:	46c0      	nop			; (mov r8, r8)
 80003d0:	bcf8      	pop	{r3, r4, r5, r6, r7}
 80003d2:	bc08      	pop	{r3}
 80003d4:	469e      	mov	lr, r3
 80003d6:	4770      	bx	lr
